2022-01-21 05:35:08 [INFO]  Running CPAT version 3.0.4...
2022-01-21 05:35:08 [INFO]  Start codons used: [ATG]
2022-01-21 05:35:08 [INFO]  Stop codons used: [TAG,TAA,TGA]
2022-01-21 05:35:08 [INFO]  Reading Human_Hexamer.tsv
2022-01-21 05:35:08 [INFO]  Checking format of "merged.transcripts.novel.gtf.bed.fa"
2022-01-21 05:35:08 [INFO]  Input gene file is in FASTA format
2022-01-21 05:35:08 [INFO]  Searching for ORFs ...
2022-01-21 05:35:08 [WARNING]  No ORFs found for MSTRG.72::CHR1:630750-630987
2022-01-21 05:35:08 [WARNING]  No ORFs found for MSTRG.98::CHR1:1000397-1000829
2022-01-21 05:35:08 [WARNING]  No ORFs found for MSTRG.130::CHR1:1511616-1512057
2022-01-21 05:35:10 [WARNING]  No ORFs found for MSTRG.383::CHR1:16624934-16625299
2022-01-21 05:35:10 [WARNING]  No ORFs found for MSTRG.388::CHR1:16683603-16684345
2022-01-21 05:35:10 [WARNING]  No ORFs found for MSTRG.389::CHR1:16685361-16686050
2022-01-21 05:35:11 [WARNING]  No ORFs found for MSTRG.618::CHR1:27976487-27976743
2022-01-21 05:35:11 [WARNING]  No ORFs found for MSTRG.652::CHR1:29148678-29149038
2022-01-21 05:35:11 [WARNING]  No ORFs found for MSTRG.686::CHR1:32197046-32197393
2022-01-21 05:35:13 [WARNING]  No ORFs found for MSTRG.1243::CHR1:75742959-75743239
2022-01-21 05:35:14 [WARNING]  No ORFs found for MSTRG.1266::CHR1:77935820-77936044
2022-01-21 05:35:14 [WARNING]  No ORFs found for MSTRG.1276::CHR1:81247593-81247998
2022-01-21 05:35:14 [WARNING]  No ORFs found for MSTRG.1342::CHR1:89821308-89821893
2022-01-21 05:35:14 [WARNING]  No ORFs found for MSTRG.1345::CHR1:90027603-90027944
2022-01-21 05:35:15 [WARNING]  No ORFs found for MSTRG.1575::CHR1:113509369-113509991
2022-01-21 05:35:15 [WARNING]  No ORFs found for MSTRG.1671::CHR1:144547360-144547713
2022-01-21 05:35:16 [WARNING]  No ORFs found for MSTRG.1712::CHR1:146386276-146386540
2022-01-21 05:35:16 [WARNING]  No ORFs found for MSTRG.1773::CHR1:149357915-149358403
2022-01-21 05:35:16 [WARNING]  No ORFs found for MSTRG.1906::CHR1:153981675-153982039
2022-01-21 05:35:18 [WARNING]  No ORFs found for MSTRG.2317::CHR1:185586093-185586316
2022-01-21 05:35:18 [WARNING]  No ORFs found for MSTRG.2321::CHR1:186420687-186420997
2022-01-21 05:35:18 [WARNING]  No ORFs found for MSTRG.2377::CHR1:200738887-200739555
2022-01-21 05:35:19 [WARNING]  No ORFs found for MSTRG.2470::CHR1:205716183-205716455
2022-01-21 05:35:21 [WARNING]  No ORFs found for MSTRG.2741::CHR1:233613462-233614044
2022-01-21 05:35:21 [WARNING]  No ORFs found for MSTRG.2830::CHR1:244863737-244864055
2022-01-21 05:35:22 [WARNING]  No ORFs found for MSTRG.2916::CHR10:5457935-5458306
2022-01-21 05:35:23 [WARNING]  No ORFs found for MSTRG.3061::CHR10:22246319-22246590
2022-01-21 05:35:25 [WARNING]  No ORFs found for MSTRG.3225::CHR10:43396266-43396643
2022-01-21 05:35:27 [WARNING]  No ORFs found for MSTRG.3477::CHR10:72301615-72302026
2022-01-21 05:35:28 [WARNING]  No ORFs found for MSTRG.3614::CHR10:79680474-79681363
2022-01-21 05:35:28 [WARNING]  No ORFs found for MSTRG.3630::CHR10:80453703-80453986
2022-01-21 05:35:28 [WARNING]  No ORFs found for MSTRG.3766::CHR10:96521071-96521354
2022-01-21 05:35:29 [WARNING]  No ORFs found for MSTRG.3874::CHR10:102642721-102643504
2022-01-21 05:35:29 [WARNING]  No ORFs found for MSTRG.3894::CHR10:103192517-103192974
2022-01-21 05:35:31 [WARNING]  No ORFs found for MSTRG.4157::CHR11:208232-208681
2022-01-21 05:35:32 [WARNING]  No ORFs found for MSTRG.4327::CHR11:6638619-6638911
2022-01-21 05:35:32 [WARNING]  No ORFs found for MSTRG.4345::CHR11:8669659-8670005
2022-01-21 05:35:33 [WARNING]  No ORFs found for MSTRG.4609::CHR11:35617903-35618314
2022-01-21 05:35:33 [WARNING]  No ORFs found for MSTRG.4614::CHR11:35809807-35810046
2022-01-21 05:35:35 [WARNING]  No ORFs found for MSTRG.4803::CHR11:61824499-61825019
2022-01-21 05:35:35 [WARNING]  No ORFs found for MSTRG.4848::CHR11:62831352-62831676
2022-01-21 05:35:35 [WARNING]  No ORFs found for MSTRG.4968::CHR11:65899424-65900136
2022-01-21 05:35:36 [WARNING]  No ORFs found for MSTRG.5032::CHR11:67288541-67289013
2022-01-21 05:35:38 [WARNING]  No ORFs found for MSTRG.5445::CHR11:102398244-102398589
2022-01-21 05:35:38 [WARNING]  No ORFs found for MSTRG.5449::CHR11:102904771-102905066
2022-01-21 05:35:38 [WARNING]  No ORFs found for MSTRG.5502::CHR11:110230191-110230629
2022-01-21 05:35:39 [WARNING]  No ORFs found for MSTRG.5637::CHR11:119102555-119102859
2022-01-21 05:35:40 [WARNING]  No ORFs found for MSTRG.5799::CHR12:1788942-1789418
2022-01-21 05:35:41 [WARNING]  No ORFs found for MSTRG.5950::CHR12:9403135-9403636
2022-01-21 05:35:41 [WARNING]  No ORFs found for MSTRG.5993::CHR12:12118491-12118733
2022-01-21 05:35:41 [WARNING]  No ORFs found for MSTRG.5994::CHR12:12120626-12120995
2022-01-21 05:35:44 [WARNING]  No ORFs found for MSTRG.6554::CHR12:55731394-55731753
2022-01-21 05:35:44 [WARNING]  No ORFs found for MSTRG.6577::CHR12:56116632-56117645
2022-01-21 05:35:44 [WARNING]  No ORFs found for MSTRG.6577::CHR12:56116632-56117645
2022-01-21 05:35:44 [WARNING]  No ORFs found for MSTRG.6577::CHR12:56116780-56117645
2022-01-21 05:35:44 [WARNING]  No ORFs found for MSTRG.6716::CHR12:64695553-64695769
2022-01-21 05:35:44 [WARNING]  No ORFs found for MSTRG.6771::CHR12:68843302-68843663
2022-01-21 05:35:45 [WARNING]  No ORFs found for MSTRG.6963::CHR12:96486980-96487247
2022-01-21 05:35:46 [WARNING]  No ORFs found for MSTRG.7088::CHR12:108645268-108645597
2022-01-21 05:35:46 [WARNING]  No ORFs found for MSTRG.7203::CHR12:116585703-116585953
2022-01-21 05:35:50 [WARNING]  No ORFs found for MSTRG.7775::CHR13:49806433-49806786
2022-01-21 05:35:50 [WARNING]  No ORFs found for MSTRG.7823::CHR13:55581493-55581825
2022-01-21 05:35:50 [WARNING]  No ORFs found for MSTRG.7824::CHR13:56064894-56065143
2022-01-21 05:35:51 [WARNING]  No ORFs found for MSTRG.7863::CHR13:76592359-76592726
2022-01-21 05:35:52 [WARNING]  No ORFs found for MSTRG.8011::CHR13:109424124-109424380
2022-01-21 05:35:53 [WARNING]  No ORFs found for MSTRG.8161::CHR14:23059051-23059471
2022-01-21 05:35:53 [WARNING]  No ORFs found for MSTRG.8215::CHR14:25266329-25266640
2022-01-21 05:35:54 [WARNING]  No ORFs found for MSTRG.8294::CHR14:35429941-35430204
2022-01-21 05:35:54 [WARNING]  No ORFs found for MSTRG.8379::CHR14:49767547-49768046
2022-01-21 05:35:54 [WARNING]  No ORFs found for MSTRG.8425::CHR14:51254380-51254679
2022-01-21 05:35:56 [WARNING]  No ORFs found for MSTRG.8702::CHR14:73103189-73103482
2022-01-21 05:35:56 [WARNING]  No ORFs found for MSTRG.8703::CHR14:73105856-73106081
2022-01-21 05:35:56 [WARNING]  No ORFs found for MSTRG.8725::CHR14:73675742-73676005
2022-01-21 05:35:56 [WARNING]  No ORFs found for MSTRG.8891::CHR14:90595612-90595858
2022-01-21 05:35:56 [WARNING]  No ORFs found for MSTRG.8963::CHR14:98987369-98987802
2022-01-21 05:35:58 [WARNING]  No ORFs found for MSTRG.9163::CHR15:20627834-20628589
2022-01-21 05:35:58 [WARNING]  No ORFs found for MSTRG.9197::CHR15:22785764-22786227
2022-01-21 05:35:59 [WARNING]  No ORFs found for MSTRG.9343::CHR15:32731892-32732171
2022-01-21 05:35:59 [WARNING]  No ORFs found for MSTRG.9344::CHR15:32733292-32733564
2022-01-21 05:36:00 [WARNING]  No ORFs found for MSTRG.9710::CHR15:55499438-55499746
2022-01-21 05:36:01 [WARNING]  No ORFs found for MSTRG.9876::CHR15:64951756-64953630
2022-01-21 05:36:01 [WARNING]  No ORFs found for MSTRG.9877::CHR15:64951959-64953455
2022-01-21 05:36:04 [WARNING]  No ORFs found for MSTRG.10174::CHR15:82366249-82366463
2022-01-21 05:36:06 [WARNING]  No ORFs found for MSTRG.10597::CHR16:2680036-2680486
2022-01-21 05:36:07 [WARNING]  No ORFs found for MSTRG.10753::CHR16:11839718-11839977
2022-01-21 05:36:07 [WARNING]  No ORFs found for MSTRG.10809::CHR16:15104341-15104786
2022-01-21 05:36:08 [WARNING]  No ORFs found for MSTRG.10917::CHR16:22196515-22196866
2022-01-21 05:36:09 [WARNING]  No ORFs found for MSTRG.11039::CHR16:29424665-29425039
2022-01-21 05:36:09 [WARNING]  No ORFs found for MSTRG.11110::CHR16:30634500-30635820
2022-01-21 05:36:11 [WARNING]  No ORFs found for MSTRG.11403::CHR16:67564509-67564763
2022-01-21 05:36:12 [WARNING]  No ORFs found for MSTRG.11592::CHR16:74986076-74986283
2022-01-21 05:36:12 [WARNING]  No ORFs found for MSTRG.11623::CHR16:77297959-77298213
2022-01-21 05:36:12 [WARNING]  No ORFs found for MSTRG.11714::CHR16:85554268-85554556
2022-01-21 05:36:14 [WARNING]  No ORFs found for MSTRG.11941::CHR17:4671717-4672383
2022-01-21 05:36:14 [WARNING]  No ORFs found for MSTRG.11998::CHR17:6450586-6450870
2022-01-21 05:36:14 [WARNING]  No ORFs found for MSTRG.12000::CHR17:6460666-6460889
2022-01-21 05:36:15 [WARNING]  No ORFs found for MSTRG.12176::CHR17:16439326-16441502
2022-01-21 05:36:15 [WARNING]  No ORFs found for MSTRG.12187::CHR17:16745144-16745498
2022-01-21 05:36:16 [WARNING]  No ORFs found for MSTRG.12435::CHR17:29550125-29550346
2022-01-21 05:36:17 [WARNING]  No ORFs found for MSTRG.12476::CHR17:30600379-30600741
2022-01-21 05:36:17 [WARNING]  No ORFs found for MSTRG.12582::CHR17:35254740-35255051
2022-01-21 05:36:19 [WARNING]  No ORFs found for MSTRG.13039::CHR17:49861898-49862228
2022-01-21 05:36:20 [WARNING]  No ORFs found for MSTRG.13184::CHR17:59841474-59841863
2022-01-21 05:36:20 [WARNING]  No ORFs found for MSTRG.13274::CHR17:63742257-63742467
2022-01-21 05:36:21 [WARNING]  No ORFs found for MSTRG.13567::CHR17:80454950-80455615
2022-01-21 05:36:23 [WARNING]  No ORFs found for MSTRG.13949::CHR18:28693782-28694428
2022-01-21 05:36:23 [WARNING]  No ORFs found for MSTRG.13950::CHR18:31166680-31166924
2022-01-21 05:36:24 [WARNING]  No ORFs found for MSTRG.14038::CHR18:46030147-46030369
2022-01-21 05:36:25 [WARNING]  No ORFs found for MSTRG.14416::CHR19:4726350-4726646
2022-01-21 05:36:28 [WARNING]  No ORFs found for MSTRG.15047::CHR19:36156091-36156631
2022-01-21 05:36:29 [WARNING]  No ORFs found for MSTRG.15207::CHR19:41375579-41375845
2022-01-21 05:36:29 [WARNING]  No ORFs found for MSTRG.15208::CHR19:41385029-41385682
2022-01-21 05:36:30 [WARNING]  No ORFs found for MSTRG.15428::CHR19:48424278-48424564
2022-01-21 05:36:30 [WARNING]  No ORFs found for MSTRG.15477::CHR19:49496185-49496408
2022-01-21 05:36:31 [WARNING]  No ORFs found for MSTRG.15696::CHR19:56672770-56673072
2022-01-21 05:36:31 [WARNING]  No ORFs found for MSTRG.15722::CHR19:57871952-57872185
2022-01-21 05:36:31 [WARNING]  No ORFs found for MSTRG.15726::CHR19:58182999-58183310
2022-01-21 05:36:31 [WARNING]  No ORFs found for MSTRG.15799::CHR2:9207721-9208337
2022-01-21 05:36:33 [WARNING]  No ORFs found for MSTRG.15923::CHR2:26138168-26138539
2022-01-21 05:36:34 [WARNING]  No ORFs found for MSTRG.16035::CHR2:36549403-36549886
2022-01-21 05:36:35 [WARNING]  No ORFs found for MSTRG.16175::CHR2:47290566-47290987
2022-01-21 05:36:36 [WARNING]  No ORFs found for MSTRG.16326::CHR2:64077104-64077466
2022-01-21 05:36:36 [WARNING]  No ORFs found for MSTRG.16353::CHR2:65270243-65271134
2022-01-21 05:36:36 [WARNING]  No ORFs found for MSTRG.16513::CHR2:80161963-80162218
2022-01-21 05:36:38 [WARNING]  No ORFs found for MSTRG.16745::CHR2:109128468-109129114
2022-01-21 05:36:38 [WARNING]  No ORFs found for MSTRG.16752::CHR2:109585122-109585322
2022-01-21 05:36:38 [WARNING]  No ORFs found for MSTRG.16807::CHR2:112482788-112483283
2022-01-21 05:36:38 [WARNING]  No ORFs found for MSTRG.16856::CHR2:119864860-119865070
2022-01-21 05:36:39 [WARNING]  No ORFs found for MSTRG.16906::CHR2:127885970-127886526
2022-01-21 05:36:40 [WARNING]  No ORFs found for MSTRG.16977::CHR2:135185257-135185638
2022-01-21 05:36:41 [WARNING]  No ORFs found for MSTRG.17043::CHR2:153535321-153535776
2022-01-21 05:36:41 [WARNING]  No ORFs found for MSTRG.17068::CHR2:159607169-159607491
2022-01-21 05:36:45 [WARNING]  No ORFs found for MSTRG.17600::CHR2:218762880-218763090
2022-01-21 05:36:47 [WARNING]  No ORFs found for MSTRG.17918::CHR20:4015797-4016132
2022-01-21 05:36:48 [WARNING]  No ORFs found for MSTRG.18022::CHR20:17658629-17659961
2022-01-21 05:36:50 [WARNING]  No ORFs found for MSTRG.18223::CHR20:35650786-35651158
2022-01-21 05:36:50 [WARNING]  No ORFs found for MSTRG.18379::CHR20:47200892-47201263
2022-01-21 05:36:51 [WARNING]  No ORFs found for MSTRG.18530::CHR20:62937419-62938039
2022-01-21 05:36:51 [WARNING]  No ORFs found for MSTRG.18534::CHR20:63234971-63235346
2022-01-21 05:36:54 [WARNING]  No ORFs found for MSTRG.19196::CHR22:28669182-28669637
2022-01-21 05:36:55 [WARNING]  No ORFs found for MSTRG.19419::CHR22:39137665-39137894
2022-01-21 05:36:55 [WARNING]  No ORFs found for MSTRG.19498::CHR22:42108186-42108443
2022-01-21 05:36:55 [WARNING]  No ORFs found for MSTRG.19574::CHR22:48484930-48485139
2022-01-21 05:36:56 [WARNING]  No ORFs found for MSTRG.19683::CHR3:9997758-9998096
2022-01-21 05:36:57 [WARNING]  No ORFs found for MSTRG.19842::CHR3:27633382-27633850
2022-01-21 05:36:57 [WARNING]  No ORFs found for MSTRG.19843::CHR3:27636325-27637077
2022-01-21 05:36:58 [WARNING]  No ORFs found for MSTRG.20028::CHR3:44925777-44926063
2022-01-21 05:36:59 [WARNING]  No ORFs found for MSTRG.20304::CHR3:65381072-65381306
2022-01-21 05:37:02 [WARNING]  No ORFs found for MSTRG.20695::CHR3:128679616-128679818
2022-01-21 05:37:02 [WARNING]  No ORFs found for MSTRG.20797::CHR3:137759113-137759401
2022-01-21 05:37:03 [WARNING]  No ORFs found for MSTRG.20891::CHR3:146366736-146366995
2022-01-21 05:37:03 [WARNING]  No ORFs found for MSTRG.20907::CHR3:149370378-149370595
2022-01-21 05:37:06 [WARNING]  No ORFs found for MSTRG.21348::CHR3:197017849-197018221
2022-01-21 05:37:07 [WARNING]  No ORFs found for MSTRG.21386::CHR4:675832-676154
2022-01-21 05:37:07 [WARNING]  No ORFs found for MSTRG.21448::CHR4:4274380-4274655
2022-01-21 05:37:07 [WARNING]  No ORFs found for MSTRG.21498::CHR4:8360794-8361108
2022-01-21 05:37:09 [WARNING]  No ORFs found for MSTRG.21847::CHR4:71186749-71187211
2022-01-21 05:37:09 [WARNING]  No ORFs found for MSTRG.21908::CHR4:77819969-77820289
2022-01-21 05:37:10 [WARNING]  No ORFs found for MSTRG.22003::CHR4:94665736-94666184
2022-01-21 05:37:11 [WARNING]  No ORFs found for MSTRG.22201::CHR4:122076024-122076494
2022-01-21 05:37:12 [WARNING]  No ORFs found for MSTRG.22343::CHR4:151122354-151122671
2022-01-21 05:37:13 [WARNING]  No ORFs found for MSTRG.22602::CHR5:10276704-10277013
2022-01-21 05:37:14 [WARNING]  No ORFs found for MSTRG.22786::CHR5:42923603-42923817
2022-01-21 05:37:14 [WARNING]  No ORFs found for MSTRG.22851::CHR5:55433533-55433901
2022-01-21 05:37:15 [WARNING]  No ORFs found for MSTRG.22950::CHR5:69334250-69334483
2022-01-21 05:37:15 [WARNING]  No ORFs found for MSTRG.23058::CHR5:78720135-78720367
2022-01-21 05:37:16 [WARNING]  No ORFs found for MSTRG.23151::CHR5:91279774-91280022
2022-01-21 05:37:16 [WARNING]  No ORFs found for MSTRG.23241::CHR5:107194861-107195158
2022-01-21 05:37:16 [WARNING]  No ORFs found for MSTRG.23257::CHR5:109689405-109689831
2022-01-21 05:37:17 [WARNING]  No ORFs found for MSTRG.23426::CHR5:134370531-134371110
2022-01-21 05:37:18 [WARNING]  No ORFs found for MSTRG.23596::CHR5:141678778-141679008
2022-01-21 05:37:19 [WARNING]  No ORFs found for MSTRG.23688::CHR5:150657984-150658188
2022-01-21 05:37:20 [WARNING]  No ORFs found for MSTRG.23870::CHR5:175879852-175880263
2022-01-21 05:37:20 [WARNING]  No ORFs found for MSTRG.23944::CHR5:179616327-179616656
2022-01-21 05:37:20 [WARNING]  No ORFs found for MSTRG.23946::CHR5:179621125-179621668
2022-01-21 05:37:22 [WARNING]  No ORFs found for MSTRG.24292::CHR6:28895853-28896123
2022-01-21 05:37:22 [WARNING]  No ORFs found for MSTRG.24293::CHR6:28898134-28898406
2022-01-21 05:37:22 [WARNING]  No ORFs found for MSTRG.24303::CHR6:29633751-29633982
2022-01-21 05:37:22 [WARNING]  No ORFs found for MSTRG.24545::CHR6:35653605-35653924
2022-01-21 05:37:22 [WARNING]  No ORFs found for MSTRG.24577::CHR6:37697958-37698346
2022-01-21 05:37:23 [WARNING]  No ORFs found for MSTRG.24694::CHR6:47232289-47232677
2022-01-21 05:37:24 [WARNING]  No ORFs found for MSTRG.24930::CHR6:93833105-93833488
2022-01-21 05:37:24 [WARNING]  No ORFs found for MSTRG.25052::CHR6:112191635-112191852
2022-01-21 05:37:25 [WARNING]  No ORFs found for MSTRG.25137::CHR6:127195820-127196196
2022-01-21 05:37:25 [WARNING]  No ORFs found for MSTRG.25251::CHR6:142063180-142063479
2022-01-21 05:37:26 [WARNING]  No ORFs found for MSTRG.25376::CHR6:153923683-153924037
2022-01-21 05:37:26 [WARNING]  No ORFs found for MSTRG.25388::CHR6:155103447-155103799
2022-01-21 05:37:28 [WARNING]  No ORFs found for MSTRG.25620::CHR7:10453263-10453504
2022-01-21 05:37:28 [WARNING]  No ORFs found for MSTRG.25702::CHR7:26193246-26193461
2022-01-21 05:37:29 [WARNING]  No ORFs found for MSTRG.25931::CHR7:47592983-47593351
2022-01-21 05:37:30 [WARNING]  No ORFs found for MSTRG.26099::CHR7:74220814-74221162
2022-01-21 05:37:31 [WARNING]  No ORFs found for MSTRG.26261::CHR7:94669147-94669615
2022-01-21 05:37:32 [WARNING]  No ORFs found for MSTRG.26274::CHR7:95584022-95584346
2022-01-21 05:37:33 [WARNING]  No ORFs found for MSTRG.26501::CHR7:111859589-111859862
2022-01-21 05:37:34 [WARNING]  No ORFs found for MSTRG.26650::CHR7:132763849-132764101
2022-01-21 05:37:35 [WARNING]  No ORFs found for MSTRG.26929::CHR8:8386688-8386974
2022-01-21 05:37:36 [WARNING]  No ORFs found for MSTRG.27037::CHR8:18978868-18979300
2022-01-21 05:37:39 [WARNING]  No ORFs found for MSTRG.27555::CHR8:85217547-85217976
2022-01-21 05:37:40 [WARNING]  No ORFs found for MSTRG.27710::CHR8:100918681-100919451
2022-01-21 05:37:40 [WARNING]  No ORFs found for MSTRG.27713::CHR8:101204853-101205146
2022-01-21 05:37:40 [WARNING]  No ORFs found for MSTRG.27850::CHR8:124313793-124314001
2022-01-21 05:37:41 [WARNING]  No ORFs found for MSTRG.27922::CHR8:140646159-140646438
2022-01-21 05:37:41 [WARNING]  No ORFs found for MSTRG.27929::CHR8:141174440-141174714
2022-01-21 05:37:43 [WARNING]  No ORFs found for MSTRG.28189::CHR9:19058350-19058596
2022-01-21 05:37:44 [WARNING]  No ORFs found for MSTRG.28392::CHR9:37467623-37467912
2022-01-21 05:37:45 [WARNING]  No ORFs found for MSTRG.28432::CHR9:39591143-39591517
2022-01-21 05:37:45 [WARNING]  No ORFs found for MSTRG.28503::CHR9:66782052-66782397
2022-01-21 05:37:46 [WARNING]  No ORFs found for MSTRG.28592::CHR9:85545787-85546234
2022-01-21 05:37:46 [WARNING]  No ORFs found for MSTRG.28612::CHR9:89310017-89311147
2022-01-21 05:37:46 [WARNING]  No ORFs found for MSTRG.28656::CHR9:93564554-93564936
2022-01-21 05:37:46 [WARNING]  No ORFs found for MSTRG.28672::CHR9:94543459-94543748
2022-01-21 05:37:48 [WARNING]  No ORFs found for MSTRG.28877::CHR9:113408484-113408985
2022-01-21 05:37:49 [WARNING]  No ORFs found for MSTRG.29083::CHR9:129498810-129499011
2022-01-21 05:37:50 [WARNING]  No ORFs found for MSTRG.29155::CHR9:133990962-133991396
2022-01-21 05:37:52 [WARNING]  No ORFs found for MSTRG.29384::CHRX:18984719-18985007
2022-01-21 05:37:52 [WARNING]  No ORFs found for MSTRG.29427::CHRX:23784115-23784497
2022-01-21 05:37:52 [WARNING]  No ORFs found for MSTRG.29600::CHRX:49070327-49070535
2022-01-21 05:37:53 [WARNING]  No ORFs found for MSTRG.29695::CHRX:65529598-65529803
2022-01-21 05:37:53 [WARNING]  No ORFs found for MSTRG.29704::CHRX:68498650-68498955
2022-01-21 05:37:53 [WARNING]  No ORFs found for MSTRG.29778::CHRX:74420818-74421382
2022-01-21 05:37:53 [WARNING]  No ORFs found for MSTRG.29789::CHRX:76218779-76219208
2022-01-21 05:37:55 [WARNING]  No ORFs found for MSTRG.29964::CHRX:115649536-115649882
2022-01-21 05:37:56 [INFO]  Calculate coding probability ...
2022-01-21 05:37:57 [INFO]  Removing file "cpat_output.ORF_info.tsv"
2022-01-21 05:37:57 [INFO]  Select ORF with the highest coding probability ...
2022-01-21 05:37:57 [INFO]  Done!
